<?xml version="1.0" encoding="UTF-8"?>
<!-- Generated by org.testng.reporters.JUnitReportReporter -->
<testsuite hostname="vishnu" failures="0" tests="1" name="com.mystore.testcases.OrderPageTest" time="13.627" errors="0" timestamp="2025-04-08T23:43:06 IST" skipped="0">
  <testcase classname="com.mystore.testcases.OrderPageTest" name="verifyTotalPrice" time="13.627"/>
  <system-out/>
</testsuite> <!-- com.mystore.testcases.OrderPageTest -->
