<?xml version="1.0" encoding="UTF-8"?>
<!-- Generated by org.testng.reporters.JUnitReportReporter -->
<testsuite hostname="vishnu" failures="0" tests="1" name="com.mystore.testcases.AddToCartPageTest" time="12.974" errors="0" timestamp="2025-04-08T23:43:06 IST" skipped="0">
  <testcase classname="com.mystore.testcases.AddToCartPageTest" name="addToCartTest" time="12.974"/>
  <system-out/>
</testsuite> <!-- com.mystore.testcases.AddToCartPageTest -->
